0 verbose cli [
0 verbose cli   '/usr/local/nvm/versions/node/v12.14.1/bin/node',
0 verbose cli   '/usr/local/nvm/versions/node/v12.14.1/bin/npm',
0 verbose cli   'stop'
0 verbose cli ]
1 info using npm@7.6.2
2 info using node@v12.14.1
3 timing config:load:defaults Completed in 1ms
4 timing config:load:file:/usr/local/nvm/versions/node/v12.14.1/lib/node_modules/npm/npmrc Completed in 1ms
5 timing config:load:builtin Completed in 2ms
6 timing config:load:cli Completed in 2ms
7 timing config:load:env Completed in 0ms
8 timing config:load:file:/home/user120/sample-master-2021/web-server/.npmrc Completed in 0ms
9 timing config:load:project Completed in 1ms
10 timing config:load:file:/home/user120/.npmrc Completed in 0ms
11 timing config:load:user Completed in 0ms
12 timing config:load:file:/usr/local/nvm/versions/node/v12.14.1/etc/npmrc Completed in 0ms
13 timing config:load:global Completed in 0ms
14 timing config:load:cafile Completed in 1ms
15 timing config:load:validate Completed in 0ms
16 timing config:load:setUserAgent Completed in 0ms
17 timing config:load:setEnvs Completed in 1ms
18 timing config:load Completed in 8ms
19 verbose npm-session 2bb2dcb172426b01
20 timing npm:load Completed in 20ms
21 timing command:run-script Completed in 1ms
22 timing command:stop Completed in 3ms
23 verbose stack Error: missing script: stop
23 verbose stack     at RunScript.run (/usr/local/nvm/versions/node/v12.14.1/lib/node_modules/npm/lib/run-script.js:72:13)
24 verbose cwd /home/user120/sample-master-2021/web-server/src/views/layouts
25 verbose Linux 5.4.89+
26 verbose argv "/usr/local/nvm/versions/node/v12.14.1/bin/node" "/usr/local/nvm/versions/node/v12.14.1/bin/npm" "stop"
27 verbose node v12.14.1
28 verbose npm  v7.6.2
29 error missing script: stop
30 verbose exit 1
