2021-03-18 04:57:01,835 DEBUG    root            Loaded Command Group: ['gcloud', 'version']
2021-03-18 04:57:01,840 DEBUG    root            Running [gcloud.version] with arguments: [--format: "json"]
2021-03-18 04:57:01,876 INFO     root            Display format: "flattened[no-pad,separator=" "] json"
2021-03-18 04:57:02,052 INFO     ___FILE_ONLY___ {
  "Google Cloud SDK": "331.0.0",
  "alpha": "2021.03.05",
  "app-engine-go": "1.9.71",
  "app-engine-java": "1.9.86",
  "app-engine-python": "1.9.91",
  "app-engine-python-extras": "1.9.91",
  "beta": "2021.03.05",
  "bigtable": "",
  "bq": "2.0.65",
  "cbt": "0.9.0",
  "cloud-build-local": "0.5.2",
  "cloud-datastore-emulator": "2.1.0",
  "core": "2021.03.05",
  "datalab": "20190610",
  "gsutil": "4.59",
  "kind": "0.7.0",
  "kpt": "0.37.1",
  "local-extract": "0.1.5",
  "minikube": "1.18.1",
  "pubsub-emulator": "0.4.0",
  "skaffold": "1.20.0"
}
2021-03-18 04:57:02,052 INFO     ___FILE_ONLY___ 

